<?xml version="1.0" encoding="UTF-8"?>
<testng-results skipped="0" failed="1" ignored="0" total="5" passed="4">
  <reporter-output>
  </reporter-output>
  <suite name="Test Automation Suite" duration-ms="35377" started-at="2021-01-06T14:07:37 EST" finished-at="2021-01-06T14:08:12 EST">
    <groups>
      <group name="titletest">
        <method signature="GoogleTest.googleTitleTest()[pri:1, instance:testNG.GoogleTest@2d6eabae]" name="googleTitleTest" class="testNG.GoogleTest"/>
        <method signature="GoogleTitleTestValidation.googleTitleTest()[pri:1, instance:testNG.GoogleTitleTestValidation@4e7dc304]" name="googleTitleTest" class="testNG.GoogleTitleTestValidation"/>
      </group> <!-- titletest -->
    </groups>
    <test name="Test " duration-ms="35377" started-at="2021-01-06T14:07:37 EST" finished-at="2021-01-06T14:08:12 EST">
      <class name="testNG.ExceptionTimeOutTest">
        <test-method status="PASS" signature="infiniteLoopTest()[pri:0, instance:testNG.ExceptionTimeOutTest@23faf8f2]" name="infiniteLoopTest" duration-ms="9" started-at="2021-01-06T14:07:37 EST" finished-at="2021-01-06T14:07:37 EST">
          <reporter-output>
          </reporter-output>
        </test-method> <!-- infiniteLoopTest -->
        <test-method status="PASS" signature="testException()[pri:0, instance:testNG.ExceptionTimeOutTest@23faf8f2]" name="testException" duration-ms="0" started-at="2021-01-06T14:07:37 EST" finished-at="2021-01-06T14:07:37 EST">
          <exception class="java.lang.NumberFormatException">
            <message>
              <![CDATA[For input string: "100A"]]>
            </message>
            <full-stacktrace>
              <![CDATA[java.lang.NumberFormatException: For input string: "100A"
at java.lang.NumberFormatException.forInputString(Unknown Source)
at java.lang.Integer.parseInt(Unknown Source)
at java.lang.Integer.parseInt(Unknown Source)
at testNG.ExceptionTimeOutTest.testException(ExceptionTimeOutTest.java:16)
at sun.reflect.NativeMethodAccessorImpl.invoke0(Native Method)
at sun.reflect.NativeMethodAccessorImpl.invoke(Unknown Source)
at sun.reflect.DelegatingMethodAccessorImpl.invoke(Unknown Source)
at java.lang.reflect.Method.invoke(Unknown Source)
at org.testng.internal.MethodInvocationHelper.invokeMethod(MethodInvocationHelper.java:132)
at org.testng.internal.TestInvoker.invokeMethod(TestInvoker.java:599)
at org.testng.internal.TestInvoker.invokeTestMethod(TestInvoker.java:174)
at org.testng.internal.MethodRunner.runInSequence(MethodRunner.java:46)
at org.testng.internal.TestInvoker$MethodInvocationAgent.invoke(TestInvoker.java:822)
at org.testng.internal.TestInvoker.invokeTestMethods(TestInvoker.java:147)
at org.testng.internal.TestMethodWorker.invokeTestMethods(TestMethodWorker.java:146)
at org.testng.internal.TestMethodWorker.run(TestMethodWorker.java:128)
at java.util.ArrayList.forEach(Unknown Source)
at org.testng.TestRunner.privateRun(TestRunner.java:764)
at org.testng.TestRunner.run(TestRunner.java:585)
at org.testng.SuiteRunner.runTest(SuiteRunner.java:384)
at org.testng.SuiteRunner.runSequentially(SuiteRunner.java:378)
at org.testng.SuiteRunner.privateRun(SuiteRunner.java:337)
at org.testng.SuiteRunner.run(SuiteRunner.java:286)
at org.testng.SuiteRunnerWorker.runSuite(SuiteRunnerWorker.java:53)
at org.testng.SuiteRunnerWorker.run(SuiteRunnerWorker.java:96)
at org.testng.TestNG.runSuitesSequentially(TestNG.java:1218)
at org.testng.TestNG.runSuitesLocally(TestNG.java:1140)
at org.testng.TestNG.runSuites(TestNG.java:1069)
at org.testng.TestNG.run(TestNG.java:1037)
at org.testng.remote.AbstractRemoteTestNG.run(AbstractRemoteTestNG.java:115)
at org.testng.remote.RemoteTestNG.initAndRun(RemoteTestNG.java:251)
at org.testng.remote.RemoteTestNG.main(RemoteTestNG.java:77)
]]>
            </full-stacktrace>
          </exception> <!-- java.lang.NumberFormatException -->
          <reporter-output>
          </reporter-output>
        </test-method> <!-- testException -->
      </class> <!-- testNG.ExceptionTimeOutTest -->
      <class name="testNG.GoogleTest">
        <test-method status="PASS" signature="setUp()[pri:0, instance:testNG.GoogleTest@2d6eabae]" name="setUp" is-config="true" duration-ms="8341" started-at="2021-01-06T14:07:37 EST" finished-at="2021-01-06T14:07:45 EST">
          <reporter-output>
          </reporter-output>
        </test-method> <!-- setUp -->
        <test-method status="PASS" signature="googleTitleTest()[pri:1, instance:testNG.GoogleTest@2d6eabae]" name="googleTitleTest" duration-ms="8" started-at="2021-01-06T14:07:45 EST" finished-at="2021-01-06T14:07:45 EST">
          <reporter-output>
          </reporter-output>
        </test-method> <!-- googleTitleTest -->
        <test-method status="PASS" signature="tearDown()[pri:0, instance:testNG.GoogleTest@2d6eabae]" name="tearDown" is-config="true" duration-ms="676" started-at="2021-01-06T14:07:45 EST" finished-at="2021-01-06T14:07:46 EST">
          <reporter-output>
          </reporter-output>
        </test-method> <!-- tearDown -->
        <test-method status="PASS" signature="setUp()[pri:0, instance:testNG.GoogleTest@2d6eabae]" name="setUp" is-config="true" duration-ms="7255" started-at="2021-01-06T14:07:46 EST" finished-at="2021-01-06T14:07:53 EST">
          <reporter-output>
          </reporter-output>
        </test-method> <!-- setUp -->
        <test-method status="FAIL" signature="googleLogoTest()[pri:2, instance:testNG.GoogleTest@2d6eabae]" name="googleLogoTest" duration-ms="9798" started-at="2021-01-06T14:07:53 EST" finished-at="2021-01-06T14:08:03 EST">
          <exception class="org.openqa.selenium.NoSuchElementException">
            <message>
              <![CDATA[Cannot locate an element using xpath=//*[@id="hplogo"]
For documentation on this error, please visit: https://www.seleniumhq.org/exceptions/no_such_element.html
Build info: version: '3.141.59', revision: 'e82be7d358', time: '2018-11-14T08:17:03'
System info: host: 'DESKTOP-EC9INRR', ip: '192.168.0.33', os.name: 'Windows 10', os.arch: 'amd64', os.version: '10.0', java.version: '1.8.0_251'
Driver info: driver.version: RemoteWebDriver]]>
            </message>
            <full-stacktrace>
              <![CDATA[org.openqa.selenium.NoSuchElementException: Cannot locate an element using xpath=//*[@id="hplogo"]
For documentation on this error, please visit: https://www.seleniumhq.org/exceptions/no_such_element.html
Build info: version: '3.141.59', revision: 'e82be7d358', time: '2018-11-14T08:17:03'
System info: host: 'DESKTOP-EC9INRR', ip: '192.168.0.33', os.name: 'Windows 10', os.arch: 'amd64', os.version: '10.0', java.version: '1.8.0_251'
Driver info: driver.version: RemoteWebDriver
at org.openqa.selenium.remote.RemoteWebDriver.findElement(RemoteWebDriver.java:327)
at org.openqa.selenium.remote.RemoteWebDriver.findElementByXPath(RemoteWebDriver.java:428)
at org.openqa.selenium.By$ByXPath.findElement(By.java:353)
at org.openqa.selenium.remote.RemoteWebDriver.findElement(RemoteWebDriver.java:315)
at testNG.GoogleTest.googleLogoTest(GoogleTest.java:38)
at sun.reflect.NativeMethodAccessorImpl.invoke0(Native Method)
at sun.reflect.NativeMethodAccessorImpl.invoke(Unknown Source)
at sun.reflect.DelegatingMethodAccessorImpl.invoke(Unknown Source)
at java.lang.reflect.Method.invoke(Unknown Source)
at org.testng.internal.MethodInvocationHelper.invokeMethod(MethodInvocationHelper.java:132)
at org.testng.internal.TestInvoker.invokeMethod(TestInvoker.java:599)
at org.testng.internal.TestInvoker.invokeTestMethod(TestInvoker.java:174)
at org.testng.internal.MethodRunner.runInSequence(MethodRunner.java:46)
at org.testng.internal.TestInvoker$MethodInvocationAgent.invoke(TestInvoker.java:822)
at org.testng.internal.TestInvoker.invokeTestMethods(TestInvoker.java:147)
at org.testng.internal.TestMethodWorker.invokeTestMethods(TestMethodWorker.java:146)
at org.testng.internal.TestMethodWorker.run(TestMethodWorker.java:128)
at java.util.ArrayList.forEach(Unknown Source)
at org.testng.TestRunner.privateRun(TestRunner.java:764)
at org.testng.TestRunner.run(TestRunner.java:585)
at org.testng.SuiteRunner.runTest(SuiteRunner.java:384)
at org.testng.SuiteRunner.runSequentially(SuiteRunner.java:378)
at org.testng.SuiteRunner.privateRun(SuiteRunner.java:337)
at org.testng.SuiteRunner.run(SuiteRunner.java:286)
at org.testng.SuiteRunnerWorker.runSuite(SuiteRunnerWorker.java:53)
at org.testng.SuiteRunnerWorker.run(SuiteRunnerWorker.java:96)
at org.testng.TestNG.runSuitesSequentially(TestNG.java:1218)
at org.testng.TestNG.runSuitesLocally(TestNG.java:1140)
at org.testng.TestNG.runSuites(TestNG.java:1069)
at org.testng.TestNG.run(TestNG.java:1037)
at org.testng.remote.AbstractRemoteTestNG.run(AbstractRemoteTestNG.java:115)
at org.testng.remote.RemoteTestNG.initAndRun(RemoteTestNG.java:251)
at org.testng.remote.RemoteTestNG.main(RemoteTestNG.java:77)
]]>
            </full-stacktrace>
          </exception> <!-- org.openqa.selenium.NoSuchElementException -->
          <reporter-output>
          </reporter-output>
        </test-method> <!-- googleLogoTest -->
        <test-method status="PASS" signature="tearDown()[pri:0, instance:testNG.GoogleTest@2d6eabae]" name="tearDown" is-config="true" duration-ms="651" started-at="2021-01-06T14:08:03 EST" finished-at="2021-01-06T14:08:04 EST">
          <reporter-output>
          </reporter-output>
        </test-method> <!-- tearDown -->
      </class> <!-- testNG.GoogleTest -->
      <class name="testNG.GoogleTitleTestValidation">
        <test-method status="PASS" signature="setUp()[pri:0, instance:testNG.GoogleTitleTestValidation@4e7dc304]" name="setUp" is-config="true" duration-ms="7905" started-at="2021-01-06T14:08:04 EST" finished-at="2021-01-06T14:08:12 EST">
          <reporter-output>
          </reporter-output>
        </test-method> <!-- setUp -->
        <test-method status="PASS" signature="googleTitleTest()[pri:1, instance:testNG.GoogleTitleTestValidation@4e7dc304]" name="googleTitleTest" duration-ms="12" started-at="2021-01-06T14:08:12 EST" finished-at="2021-01-06T14:08:12 EST">
          <reporter-output>
          </reporter-output>
        </test-method> <!-- googleTitleTest -->
        <test-method status="PASS" signature="tearDown()[pri:0, instance:testNG.GoogleTitleTestValidation@4e7dc304]" name="tearDown" is-config="true" duration-ms="665" started-at="2021-01-06T14:08:12 EST" finished-at="2021-01-06T14:08:12 EST">
          <reporter-output>
          </reporter-output>
        </test-method> <!-- tearDown -->
      </class> <!-- testNG.GoogleTitleTestValidation -->
    </test> <!-- Test  -->
  </suite> <!-- Test Automation Suite -->
</testng-results>
